[debug] [2024-08-18T14:07:59.164Z] ----------------------------------------------------------------------
[debug] [2024-08-18T14:07:59.167Z] Command:       /usr/local/Cellar/node/22.0.0/bin/node /usr/local/bin/firebase deploy
[debug] [2024-08-18T14:07:59.167Z] CLI Version:   13.10.2
[debug] [2024-08-18T14:07:59.167Z] Platform:      darwin
[debug] [2024-08-18T14:07:59.167Z] Node Version:  v22.0.0
[debug] [2024-08-18T14:07:59.167Z] Time:          Sun Aug 18 2024 21:07:59 GMT+0700 (Indochina Time)
[debug] [2024-08-18T14:07:59.168Z] ----------------------------------------------------------------------
[debug] 
[debug] [2024-08-18T14:07:59.219Z] > command requires scopes: ["email","openid","https://www.googleapis.com/auth/cloudplatformprojects.readonly","https://www.googleapis.com/auth/firebase","https://www.googleapis.com/auth/cloud-platform"]
[debug] [2024-08-18T14:07:59.219Z] > authorizing via signed-in user (luan.pitech@gmail.com)
[debug] [2024-08-18T14:07:59.219Z] [iam] checking project photo-time-staff for permissions ["firebase.projects.get","firebasehosting.sites.update"]
[debug] [2024-08-18T14:07:59.221Z] >>> [apiv2][query] POST https://cloudresourcemanager.googleapis.com/v1/projects/photo-time-staff:testIamPermissions [none]
[debug] [2024-08-18T14:07:59.221Z] >>> [apiv2][(partial)header] POST https://cloudresourcemanager.googleapis.com/v1/projects/photo-time-staff:testIamPermissions x-goog-quota-user=projects/photo-time-staff
[debug] [2024-08-18T14:07:59.221Z] >>> [apiv2][body] POST https://cloudresourcemanager.googleapis.com/v1/projects/photo-time-staff:testIamPermissions {"permissions":["firebase.projects.get","firebasehosting.sites.update"]}
[debug] [2024-08-18T14:07:59.252Z] *** [apiv2] error from fetch(https://cloudresourcemanager.googleapis.com/v1/projects/photo-time-staff:testIamPermissions, {"headers":{},"method":"POST","body":"{\"permissions\":[\"firebase.projects.get\",\"firebasehosting.sites.update\"]}"}): FetchError: request to https://cloudresourcemanager.googleapis.com/v1/projects/photo-time-staff:testIamPermissions failed, reason: getaddrinfo ENOTFOUND cloudresourcemanager.googleapis.com
[debug] [2024-08-18T14:07:59.252Z] [iam] error while checking permissions, command may fail: FirebaseError: Failed to make request to https://cloudresourcemanager.googleapis.com/v1/projects/photo-time-staff:testIamPermissions
[debug] [2024-08-18T14:07:59.253Z] >>> [apiv2][query] GET https://firebase.googleapis.com/v1beta1/projects/photo-time-staff [none]
[debug] [2024-08-18T14:07:59.265Z] *** [apiv2] error from fetch(https://firebase.googleapis.com/v1beta1/projects/photo-time-staff, {"headers":{},"method":"GET","signal":{}}): FetchError: request to https://firebase.googleapis.com/v1beta1/projects/photo-time-staff failed, reason: getaddrinfo ENOTFOUND firebase.googleapis.com
[debug] [2024-08-18T14:07:59.265Z] Failed to make request to https://firebase.googleapis.com/v1beta1/projects/photo-time-staff (original: request to https://firebase.googleapis.com/v1beta1/projects/photo-time-staff failed, reason: getaddrinfo ENOTFOUND firebase.googleapis.com)
[error] 
[error] Error: Assertion failed: resolving hosting target of a site with no site name or target name. This should have caused an error earlier
